[31-May-2023 08:41:02 UTC] PHP Warning:  dir(C:/Users/gruau/OneDrive/Documents/Openclassroom/Projet 6/app/public/wp-content/upgrade/wordpress-6.2.2-fr_fr/wordpress/wp-includes/js/tinymce/plugins/link/): Le chemin d’accès spécifié est introuvab (code: 3) in C:\Users\gruau\OneDrive\Documents\Openclassroom\Projet 6\app\public\wp-admin\includes\class-wp-filesystem-direct.php on line 626
[31-May-2023 08:41:02 UTC] PHP Warning:  dir(C:/Users/gruau/OneDrive/Documents/Openclassroom/Projet 6/app/public/wp-content/upgrade/wordpress-6.2.2-fr_fr/wordpress/wp-includes/js/tinymce/plugins/link/): Failed to open directory: No such file or directory in C:\Users\gruau\OneDrive\Documents\Openclassroom\Projet 6\app\public\wp-admin\includes\class-wp-filesystem-direct.php on line 626
[31-May-2023 08:41:02 UTC] PHP Warning:  dir(C:/Users/gruau/OneDrive/Documents/Openclassroom/Projet 6/app/public/wp-content/upgrade/wordpress-6.2.2-fr_fr/wordpress/wp-includes/js/tinymce/plugins/tabfocus/): Le chemin d’accès spécifié est introuvab (code: 3) in C:\Users\gruau\OneDrive\Documents\Openclassroom\Projet 6\app\public\wp-admin\includes\class-wp-filesystem-direct.php on line 626
[31-May-2023 08:41:02 UTC] PHP Warning:  dir(C:/Users/gruau/OneDrive/Documents/Openclassroom/Projet 6/app/public/wp-content/upgrade/wordpress-6.2.2-fr_fr/wordpress/wp-includes/js/tinymce/plugins/tabfocus/): Failed to open directory: No such file or directory in C:\Users\gruau\OneDrive\Documents\Openclassroom\Projet 6\app\public\wp-admin\includes\class-wp-filesystem-direct.php on line 626
[31-May-2023 08:41:02 UTC] PHP Warning:  dir(C:/Users/gruau/OneDrive/Documents/Openclassroom/Projet 6/app/public/wp-content/upgrade/wordpress-6.2.2-fr_fr/wordpress/wp-includes/js/tinymce/plugins/wpeditimage/): Le chemin d’accès spécifié est introuvab (code: 3) in C:\Users\gruau\OneDrive\Documents\Openclassroom\Projet 6\app\public\wp-admin\includes\class-wp-filesystem-direct.php on line 626
[31-May-2023 08:41:02 UTC] PHP Warning:  dir(C:/Users/gruau/OneDrive/Documents/Openclassroom/Projet 6/app/public/wp-content/upgrade/wordpress-6.2.2-fr_fr/wordpress/wp-includes/js/tinymce/plugins/wpeditimage/): Failed to open directory: Permission denied in C:\Users\gruau\OneDrive\Documents\Openclassroom\Projet 6\app\public\wp-admin\includes\class-wp-filesystem-direct.php on line 626
[09-Jun-2023 16:00:04 UTC] PHP Fatal error:  Uncaught Error: Undefined constant "‘wpcf7_autop_or_not’" in C:\Users\gruau\OneDrive\Documents\Openclassroom\Projet 6\app\public\wp-content\themes\BlankChild\functions.php:13
Stack trace:
#0 C:\Users\gruau\OneDrive\Documents\Openclassroom\Projet 6\app\public\wp-settings.php(591): include()
#1 C:\Users\gruau\OneDrive\Documents\Openclassroom\Projet 6\app\public\wp-config.php(102): require_once('C:\\Users\\gruau\\...')
#2 C:\Users\gruau\OneDrive\Documents\Openclassroom\Projet 6\app\public\wp-load.php(50): require_once('C:\\Users\\gruau\\...')
#3 C:\Users\gruau\OneDrive\Documents\Openclassroom\Projet 6\app\public\wp-blog-header.php(13): require_once('C:\\Users\\gruau\\...')
#4 C:\Users\gruau\OneDrive\Documents\Openclassroom\Projet 6\app\public\index.php(17): require('C:\\Users\\gruau\\...')
#5 {main}
  thrown in C:\Users\gruau\OneDrive\Documents\Openclassroom\Projet 6\app\public\wp-content\themes\BlankChild\functions.php on line 13
[09-Jun-2023 16:00:04 UTC] PHP Fatal error:  Uncaught Error: Undefined constant "‘wpcf7_autop_or_not’" in C:\Users\gruau\OneDrive\Documents\Openclassroom\Projet 6\app\public\wp-content\themes\BlankChild\functions.php:13
Stack trace:
#0 C:\Users\gruau\OneDrive\Documents\Openclassroom\Projet 6\app\public\wp-settings.php(591): include()
#1 C:\Users\gruau\OneDrive\Documents\Openclassroom\Projet 6\app\public\wp-config.php(102): require_once('C:\\Users\\gruau\\...')
#2 C:\Users\gruau\OneDrive\Documents\Openclassroom\Projet 6\app\public\wp-load.php(50): require_once('C:\\Users\\gruau\\...')
#3 C:\Users\gruau\OneDrive\Documents\Openclassroom\Projet 6\app\public\wp-blog-header.php(13): require_once('C:\\Users\\gruau\\...')
#4 C:\Users\gruau\OneDrive\Documents\Openclassroom\Projet 6\app\public\index.php(17): require('C:\\Users\\gruau\\...')
#5 {main}
  thrown in C:\Users\gruau\OneDrive\Documents\Openclassroom\Projet 6\app\public\wp-content\themes\BlankChild\functions.php on line 13
[09-Jun-2023 16:00:09 UTC] PHP Fatal error:  Uncaught Error: Undefined constant "‘wpcf7_autop_or_not’" in C:\Users\gruau\OneDrive\Documents\Openclassroom\Projet 6\app\public\wp-content\themes\BlankChild\functions.php:13
Stack trace:
#0 C:\Users\gruau\OneDrive\Documents\Openclassroom\Projet 6\app\public\wp-settings.php(591): include()
#1 C:\Users\gruau\OneDrive\Documents\Openclassroom\Projet 6\app\public\wp-config.php(102): require_once('C:\\Users\\gruau\\...')
#2 C:\Users\gruau\OneDrive\Documents\Openclassroom\Projet 6\app\public\wp-load.php(50): require_once('C:\\Users\\gruau\\...')
#3 C:\Users\gruau\OneDrive\Documents\Openclassroom\Projet 6\app\public\wp-blog-header.php(13): require_once('C:\\Users\\gruau\\...')
#4 C:\Users\gruau\OneDrive\Documents\Openclassroom\Projet 6\app\public\index.php(17): require('C:\\Users\\gruau\\...')
#5 {main}
  thrown in C:\Users\gruau\OneDrive\Documents\Openclassroom\Projet 6\app\public\wp-content\themes\BlankChild\functions.php on line 13
[09-Jun-2023 16:00:09 UTC] PHP Fatal error:  Uncaught Error: Undefined constant "‘wpcf7_autop_or_not’" in C:\Users\gruau\OneDrive\Documents\Openclassroom\Projet 6\app\public\wp-content\themes\BlankChild\functions.php:13
Stack trace:
#0 C:\Users\gruau\OneDrive\Documents\Openclassroom\Projet 6\app\public\wp-settings.php(591): include()
#1 C:\Users\gruau\OneDrive\Documents\Openclassroom\Projet 6\app\public\wp-config.php(102): require_once('C:\\Users\\gruau\\...')
#2 C:\Users\gruau\OneDrive\Documents\Openclassroom\Projet 6\app\public\wp-load.php(50): require_once('C:\\Users\\gruau\\...')
#3 C:\Users\gruau\OneDrive\Documents\Openclassroom\Projet 6\app\public\wp-blog-header.php(13): require_once('C:\\Users\\gruau\\...')
#4 C:\Users\gruau\OneDrive\Documents\Openclassroom\Projet 6\app\public\index.php(17): require('C:\\Users\\gruau\\...')
#5 {main}
  thrown in C:\Users\gruau\OneDrive\Documents\Openclassroom\Projet 6\app\public\wp-content\themes\BlankChild\functions.php on line 13
[13-Jun-2023 22:21:48 UTC] Erreur d’événement de replanification de tâche pour le crochet action_scheduler_run_queue. Code d’erreur : could_not_set. Message d’erreur : La liste des évènements planifiés n’a pas pu être sauvegardée.. Données : {"schedule":"every_minute","args":["WP Cron"],"interval":60}
[19-Jun-2023 13:58:51 UTC] Erreur d’événement de replanification de tâche pour le crochet action_scheduler_run_queue. Code d’erreur : invalid_schedule. Message d’erreur : L’évènement planifié n’existe pas.. Données : {"schedule":"every_minute","args":["WP Cron"],"interval":60}
[20-Jun-2023 12:34:02 UTC] PHP Warning:  Attempt to read property "db_id" on string in C:\Users\gruau\OneDrive\Documents\Openclassroom\Projet 6\app\public\wp-includes\class-wp-walker.php on line 139
[20-Jun-2023 12:34:02 UTC] PHP Warning:  Attempt to read property "ID" on string in C:\Users\gruau\OneDrive\Documents\Openclassroom\Projet 6\app\public\wp-includes\class-walker-nav-menu.php on line 134
[20-Jun-2023 12:34:02 UTC] PHP Warning:  Attempt to read property "ID" on string in C:\Users\gruau\OneDrive\Documents\Openclassroom\Projet 6\app\public\wp-includes\class-walker-nav-menu.php on line 172
[20-Jun-2023 12:34:02 UTC] PHP Warning:  Attempt to read property "ID" on string in C:\Users\gruau\OneDrive\Documents\Openclassroom\Projet 6\app\public\wp-includes\nav-menu-template.php on line 632
[20-Jun-2023 12:34:02 UTC] PHP Warning:  Attempt to read property "ID" on string in C:\Users\gruau\OneDrive\Documents\Openclassroom\Projet 6\app\public\wp-includes\nav-menu-template.php on line 636
[20-Jun-2023 12:34:02 UTC] PHP Warning:  Attempt to read property "target" on string in C:\Users\gruau\OneDrive\Documents\Openclassroom\Projet 6\app\public\wp-includes\class-walker-nav-menu.php on line 180
[20-Jun-2023 12:34:02 UTC] PHP Warning:  Attempt to read property "xfn" on string in C:\Users\gruau\OneDrive\Documents\Openclassroom\Projet 6\app\public\wp-includes\class-walker-nav-menu.php on line 183
[20-Jun-2023 12:34:02 UTC] PHP Warning:  Attempt to read property "current" on string in C:\Users\gruau\OneDrive\Documents\Openclassroom\Projet 6\app\public\wp-includes\class-walker-nav-menu.php on line 196
[20-Jun-2023 12:34:02 UTC] PHP Warning:  Attempt to read property "title" on string in C:\Users\gruau\OneDrive\Documents\Openclassroom\Projet 6\app\public\wp-includes\class-walker-nav-menu.php on line 228
[20-Jun-2023 12:34:02 UTC] PHP Warning:  Attempt to read property "ID" on string in C:\Users\gruau\OneDrive\Documents\Openclassroom\Projet 6\app\public\wp-includes\class-walker-nav-menu.php on line 228
[20-Jun-2023 12:42:22 UTC] PHP Warning:  Attempt to read property "db_id" on array in C:\Users\gruau\OneDrive\Documents\Openclassroom\Projet 6\app\public\wp-includes\class-wp-walker.php on line 139
[20-Jun-2023 12:42:22 UTC] PHP Warning:  Attempt to read property "ID" on array in C:\Users\gruau\OneDrive\Documents\Openclassroom\Projet 6\app\public\wp-includes\class-walker-nav-menu.php on line 134
[20-Jun-2023 12:42:22 UTC] PHP Warning:  Attempt to read property "ID" on array in C:\Users\gruau\OneDrive\Documents\Openclassroom\Projet 6\app\public\wp-includes\class-walker-nav-menu.php on line 172
[20-Jun-2023 12:42:22 UTC] PHP Warning:  Attempt to read property "ID" on array in C:\Users\gruau\OneDrive\Documents\Openclassroom\Projet 6\app\public\wp-includes\nav-menu-template.php on line 632
[20-Jun-2023 12:42:22 UTC] PHP Warning:  Attempt to read property "ID" on array in C:\Users\gruau\OneDrive\Documents\Openclassroom\Projet 6\app\public\wp-includes\nav-menu-template.php on line 636
[20-Jun-2023 12:42:22 UTC] PHP Warning:  Attempt to read property "target" on array in C:\Users\gruau\OneDrive\Documents\Openclassroom\Projet 6\app\public\wp-includes\class-walker-nav-menu.php on line 180
[20-Jun-2023 12:42:22 UTC] PHP Warning:  Attempt to read property "xfn" on array in C:\Users\gruau\OneDrive\Documents\Openclassroom\Projet 6\app\public\wp-includes\class-walker-nav-menu.php on line 183
[20-Jun-2023 12:42:22 UTC] PHP Warning:  Attempt to read property "current" on array in C:\Users\gruau\OneDrive\Documents\Openclassroom\Projet 6\app\public\wp-includes\class-walker-nav-menu.php on line 196
[20-Jun-2023 12:42:22 UTC] PHP Warning:  Attempt to read property "title" on array in C:\Users\gruau\OneDrive\Documents\Openclassroom\Projet 6\app\public\wp-includes\class-walker-nav-menu.php on line 228
[20-Jun-2023 12:42:22 UTC] PHP Warning:  Attempt to read property "ID" on array in C:\Users\gruau\OneDrive\Documents\Openclassroom\Projet 6\app\public\wp-includes\class-walker-nav-menu.php on line 228
[22-Jun-2023 12:00:30 UTC] Erreur d’événement de replanification de tâche pour le crochet action_scheduler_run_queue. Code d’erreur : invalid_schedule. Message d’erreur : L’évènement planifié n’existe pas.. Données : {"schedule":"every_minute","args":["WP Cron"],"interval":60}
